did:plc:3p7c7msjyvhwrt5qpfrqf7kf
did:plc:qgss6ia74w2qvdukimexwceq
did:plc:dns6lfexmfke7zd7pzf4epfu
did:plc:msybvaltpg4jjvkths3l5me4
did:plc:z2xo4orrxssag7kokje5duer
did:plc:4uyrw55x675lktxdnwkeqxpw
did:plc:sl2z72qjoni2drenufvokeca
did:plc:35r2ahxhs27fdqh7zehghz5j
did:plc:znlmjblorvpg3fo7xdu2moc2
did:plc:lzlytmgvkdbems4dcvat7vqj
did:plc:4rzl3q5uwytfkgxux663w7wt
did:plc:4ifpgkyt5vnyyasfbzz35e6c
did:plc:3szgzd2jv6hdk7e5jpu537g6
did:plc:ywxfqfarzxudajrsqbd4lvn6
did:plc:qz5ek3sahgmqn4ybw4domnhv
did:plc:stns5mibbz5wevzck2elxs5j
did:plc:aei7llrbewwnmtbsskgteqcc
did:plc:rojsrhf63m3w7aop5su4i7yf
did:plc:wsnv73hmhxd6pkh3cfprknic
did:plc:4gtgxvamdoqlk7x2n7nhcttj
did:plc:zy7qhgsqam3dk3p3wyv6bzww
did:plc:hwqwcliiimwrwmr3lwotwi7q
did:plc:qdxpn7yelauxcaumumtdu5am
did:plc:k4hp62usiliockogdz3h5ib7
did:plc:ocpqehzljvjpkyn6da7myeia
did:plc:qdriunexx3nobe5kpltycouy
did:plc:kvmnlt3qnxrpgxd4hdii6l3m
did:plc:5sdmk6ozztjp3l5beadfokjv
did:plc:5cymj577qcgocwm7zi7xpar3
did:plc:vv3xxxfqcsbtjvgudlss6hez
did:plc:kxajpfnuidkgoaaofxxtynd3
did:plc:7hh7r3ht3g77kp2esh4fu3rl
did:plc:jfpub26kfrtponcqzi7i7udl
did:plc:fbqfbhmng5ga5hgoeusvox57
did:plc:6zeyk43a3r4junkbv4s6xjg2
did:plc:5j7lb3hf5yc4syqgv6z2ppgq
did:plc:io7bhsd45ssvqw35gd6iuf4f
did:plc:aiagnr4yxtrqhe75h724hswi
did:plc:x2c4khtf57vl3dciqci5dksr
did:plc:avogwhat7dwlyiceclhlvnmb
did:plc:t5gldeluxu5l7f77n2wha72s
did:plc:m7hbrqwal2rj3vevrtauicui
did:plc:fjtumabejtlv4lwerm66qwf5
did:plc:zhkropcwwikpotzthrjfpkwh
did:plc:e3naubjmwe5jd7qtsgt5rvxs
did:plc:j7fmx25btibyngbwh2gwbeal
did:plc:7roal6t5spn2sixzmcj53oko
did:plc:ht7hc64fzee5fhoo456t3t2v
did:plc:aetrmbvv7prau6vyxhrndmwd
did:plc:5tlno4sjk4agtwmvvso23gdi
did:plc:qsjva42hijfywcowswfzyxv7
did:plc:tghdr6iqtyt5gfwwqgsvm6vi
did:plc:wjd2rjczv2ghfpkqiv4lsm7j
did:plc:xakwz4cc5pascp2rheftvass
did:plc:r3kiuucuhu4ln44aut5ki6sk
did:plc:zwqtqyvv5ws5lat6innvhgf3
did:plc:gfdcwy5dx2z3vlklnwcjepsn
did:plc:vpaoviy4grvnajgaze6642tf
did:plc:lpfinz3c75sxeq7aydq3olyt
did:plc:5cvj4dshzrlbqrgppqcjjuid
did:plc:7te4u4cel2zdepuwc2fuoexx
did:plc:4nclws4h7ngk6fjrk7fqjs73
did:plc:fmn5xa27si3wt6r4ltiuedpi
did:plc:wi5j7qyzdtdso7tb4wvj2k37
did:plc:umluccarl334zzxgi2hbath7
did:plc:odqigmlj6bl5dptppv36rhet
did:plc:jbvnrajvp5bxvhrztrws2cro
did:plc:5prledmu36imun2zjc26v5nl
did:plc:g2drqytdrt35yarswu6nkach
did:plc:l3krsez5jdsxewnpi7rrtfpj
did:plc:k5taq434l4gytk7jcwczdw4a
did:plc:7ph7lepi5noomn32hnnhznud
did:plc:b6e5oldhivqelsytvpc5lwtz
did:plc:tcuzcdi2d6jn6gmp3ba4tdj6
did:plc:kus7yznmmcu2vjudyno6zdve
did:plc:oksdgnl62qev6427czxo2coc
did:plc:wgw7zn5bqerjjnegqtf64aa6
did:plc:mhvs7rxi3obwx75oqup2k7jh
did:plc:3sn3ksfpffppdu52tsr24xni
did:plc:tsnt52xkysfikvv3bdxmbn5a
did:plc:4dwzy6sdatmpfhvaibblumba
did:plc:ljgo6oe3fusboyb7ba2lj5fx
did:plc:kluuvymrx7uqezsozgddzyiz
did:plc:3b3lhfsgx7ioiqstihovs6wn
did:plc:lrrp5fyn3wdml2fzxfzg3nzi
did:plc:umyl42zq46pnuntwfkuxoilu
did:plc:ug6legmvpcqrzssmlcvv2rku
did:plc:f5iqcvclzaoknvcbzip4jwb7
did:plc:qq5ayirgpu236i6plqfxom6z
did:plc:ohmqviuyrx5y54ogae5ek2gg
did:plc:rk3666as6kflbpnmmlsohbii
did:plc:hik7ymbkjsfpxqprr26tsrw7
did:plc:qt4pleat6mkhvawj2hsvkiec
did:plc:kuhqcihqeh5ud3twmia647kv
did:plc:rdiznzwu45atggqhkjy3lzym
did:plc:ftt6msdpyqxi7y2fpx36kipk
did:plc:7hcevqj4kxj3zfjb6ykqhjet
did:plc:l2kv2ry2l5louogi52fntaon
did:plc:ypea6r6aolhjnqlxiwonnskr
did:plc:ixid4ktkacbrizz6rvyir3br
did:plc:tquk7ybcb2tvxv6acgqe4q2e
did:plc:42iijsnvjy5owkb43we6wcqs
did:plc:osi727dsgepbt45bpi3xkbrk
did:plc:o3t2wowo23cf5frqwqzndny5
did:plc:pjvk3dnv7gg6kd5hvaxd5hoh
did:plc:4ba2apu2m3a5supfgs5ntecl
did:plc:ldai7bguwvkanxgsx4c6o67m
did:plc:gr6glr3getmxszdshfg6zozs
did:plc:ra74qhtupf4o5lmee637ptje
did:plc:75sjemrax6k5va6lhlm4x525
did:plc:zh2xnketxbx4eltycg4gcxud
did:plc:r3vhfoo36yp5up67lu5cgafm
did:plc:vzmxs65hsakp6d22fekvho4e
did:plc:2rk5eh7m2aqcfeejyk4jp3ak
did:plc:hudnq6b6thw2ysmxra3rqs5s
did:plc:q5oqfiddxpi3ny4uygs7fcyk
did:plc:4pdyzhcrayurr2jojjegbpkj
did:plc:b5sm6ybpjxdslewghnahg6lj
did:plc:627lojbguplo4kvikg376lpk
did:plc:j7r4svyzxbgehtk2ki5rpg7x
did:plc:yfpd3udh5zyqv72wz55onbin
did:plc:lapbkxvuse5ustronozrdubv
did:plc:4fwivkkfcdaalmum5pn32wic
did:plc:zvn5bmc6defilqo27v74k4ij
did:plc:egjxaexzsopcwcwjlnsz77mt
did:plc:dzlokh3fzrkyfkeusuyktq4l
did:plc:bayk7wmvxae3d3rhfspiabzt
did:plc:uhe6x5nkmy5feavjj2uasdwm
did:plc:cbvqv6ydl6kcqgt3kmofczf3
did:plc:djznhtuxa6mqmne7s3bpgj3i
did:plc:byet53dwfmr5at7xk56zwmxv
did:plc:wpor73uiqqyf5rmcssgksfvh
did:plc:dzlokh3fzrkyfkeusuyktq4l
did:plc:fqps6t5k3bkymaseza5gpnoe
did:plc:m4g2cikskmk6x77axn4e6ujq
did:plc:j2s7iz64z5ps6j5mxzainril
did:plc:465tbrqfeduj3lhludc6nbog
did:plc:ntvz745bwkbp5axspouzavqv
did:plc:rjlu6npi554qkz2jcvdt7mc3
did:plc:bf4iwn2xmrepcvg3mallamm2
did:plc:ci4uuimrwoqabqhsioqsxf2u
did:plc:3l72ugq3tsp5ff4ru2opgpax
did:plc:wwmi3lrkc7aefsozptxgqy33
did:plc:kluuvymrx7uqezsozgddzyiz
did:plc:tfy45mologbxp5sti4llmm5x
did:plc:lmqasjdigv6i6c7zorio5di4
did:plc:fbdu77smr4ohv47hxpei5gn2
did:plc:fhkmdamkggwcthapknwhjry6
did:plc:ltadw5clea6i7gbafatrpexo
did:plc:eezx2ko333i6hnwzuv5kyuat
did:plc:hcod4gweeeaomfmirn2hqi67
did:plc:lzur4rurczl3isicrqztn2ym
did:plc:o7jhpapijbqd6ndcimkkluuc
did:plc:6eoyzyvcc2tvnlip5wymrqvx
did:plc:n4epf4nuhwy22apixk6npvte
did:plc:63iuyk3olxj2mu5v4ezvxqrp
did:plc:nzncaupm7mvqazxzlymjlbja
did:plc:qs5o2mjt3pcly6aso3cwwyqk
did:plc:65neilruzq2tnxdqcupghsov
did:plc:yp6otbdle4znllf2wxf5vrzx
did:plc:3jjgzfqgzdops4e722gn3fxe
did:plc:a77bacfm3jxngsi54cc5ykf4
did:plc:4ap35rus77cg3lzju2v43jxn
did:plc:yby7mcsnqnc7fgzi6v2tbzgb
did:plc:c5upjiavk4aozpxgwiqpajtt
did:plc:2dn6li35qj5nk6c7tpxlpofv
did:plc:ggyzq4kzdtnqgye6kmdgc5jo
did:plc:soldhvea5lp4ciunavrzopma
did:plc:ld4uc6jarrtw2nht7pmap5nj
did:plc:ehsnkbfnrive2kbubso4eeny
did:plc:wd3y6gujd3wnbizfh36pbakv
did:plc:vwkulld2jjfaze4pxtfeg7gu
did:plc:nmz7udetcazd2huxxabjg4tk
did:plc:ojjz5x7icf7b2xlntjdrqyf5
did:plc:wm4h7nsr2nbdfz7ka765km5i
did:plc:rhmuh32pwfptntnrlnhb5q7m
did:plc:d4s23fz5tea7u4qcw35rc2p5
did:plc:4sycqane4tpvz7wd2dmo3i46
did:plc:4msa3mnwjblntyywx6j25r66
did:plc:73oqotfnhmsvbkdujbxvalk7
did:plc:pzvudbzosu3n4ar4zczmkw3y
did:plc:jbucidvtrhv4btr3mumxqn4q
did:plc:b47bby2mjppjwsefg7cjjqmr
did:plc:kyhug2d25ipcy4rscu3hdlhz
did:plc:vef7utjrtzqytagl3m3guq5r
did:plc:rhiqvpdvjhhlhp7l5ri2zi5a
did:plc:gzcwjpcamdzhzymk2d64awfm
did:plc:nworl3qy4hbwohnfxv6i6nt3
did:plc:w7mnwx4b7rb26uljwcaev6l5
did:plc:4odiibdnhhl3ddf75jbrgyj5
did:plc:dyyu3yjkcuk7qrrsajh5bbha
did:plc:tzcbdi73w5mbact7hgdfwqvk
did:plc:wqphuonib3vdbkd2xa6efcix
did:plc:4lpzs2umea3pxw3sw463te4t
did:plc:2zzvygugfnxrdvltkua3nlbw
did:plc:wj7svnevomfon6j3dj4c6ekf
did:plc:ghfsacyzddki6wlj4o2ml64w
did:plc:xjwolrvxt557twk6h4se3vgm
did:plc:pv4x356soulpp7spindi57gz
did:plc:iqqczrlieogze5td4sxow2xr
did:plc:ab3tnzmkycrvf4odnpoqsy5g
did:plc:qihslnn46ye5if6udswzgkbb
did:plc:uvsztbhnf2gcplblz5hitxc7
did:plc:6unfxy22wi7mfi63l4vjexbc
did:plc:qvtnwkhowk5f5uzdlh5qejtg
did:plc:ypr2fka3a3wl2av3aneunzol
did:plc:jnh4fiudahv3ymptm22vhlje
did:plc:bgcckuvivemrtxvpnf3e6x22
did:plc:76f24zeesfchhyhgdifr5c7i
did:plc:kykmqcary5mkbi7esdr5ozmz
did:plc:bb7rt2a4yr4pdtkx465weev6
did:plc:rotizomwea3chm7zq3dfrpkw
did:plc:xe7yidhiv2aulq2aicfmaz7s
did:plc:6ftizl5niox4udwuhz4qmex6
did:plc:3sk4nahbic7d2jhxojnzbgbj
did:plc:5c5nexgaj5lldoz5fj35q5vu
did:plc:3hf5quw7arjiztbaact3v7u6
did:plc:7scbf24ewyufy47oiumpvd26
did:plc:zppnsdjoehntzae4k7wq2nsk
did:plc:cgxk77mm6yo3t56vwcyvm5av
did:plc:nrwdrf7e3ij7o6ttrqzeimrm
did:plc:dxkqqz62spdihqgwc76m45gd
did:plc:zznakrxsg2jy7dimgdbtih3z
did:plc:jd6f5k42gfytj5de733zjlo3
did:plc:kp6tbbvyfarzb7wdubjnyepc
did:plc:ghczqllzv5momizd4b23l4d6
did:plc:tzp24pldvjpwi7pazaduuwau
did:plc:h7hq3d6ebuuvqu5vxfpxqwew
did:plc:cnak54dnnidmyjncfcjdl3a5
did:plc:plgebdeiauoomcob4loe6ufz
did:plc:r2ubhdt4ufe6qv4dyampyoii
did:plc:3ej4xicd52ss26wzeephsgcq
did:plc:sssun34bwr4v7bivi3q3h2ul
did:plc:pamafy3trxvow7t7u352auer
did:plc:2z66tgqf5jlib5azlwmyyjeu
did:plc:qp6jirbcvtcuap5f6o2zyxym
did:plc:3eswktykpaij67aqscgx2t7m
did:plc:jfgy5sf4b3lbd7ookirdvuu7
did:plc:3pl6l2lnciqjgsc3xtjcrzyg
did:plc:qsx6az7cdxiig2wztposchjk
did:plc:ulzkx3st3qbbjmbfmlm4ayid
did:plc:iwtztqu4pzayak3inzsmvid2
did:plc:oiornk7h4ozbzxtivprpfemd
did:plc:zbjbjz2dkq57is747lgat54q
did:plc:wweafezlelgv53sfgxrlqwg2
did:plc:tdn5ykn5tz4ze5j6e4fryxnh
did:plc:slzy7gbjkmw33dlx25u6s26s
did:plc:2hedroswwpb4ktrtthrty342
did:plc:uguqeeagzkcrmqrronmkv2yn
did:plc:6xkwybjpht3zoaiaj34d57ml
did:plc:nfhn2oumakwd5fy76vm36hyy
did:plc:jkizvlzwtdhoqbh7pjomprgr
did:plc:xhd6ldv7hi4fqkru52rwo226
did:plc:zfu4e7jyrbj4y5qou3uwzijk
did:plc:qspsclb5s4vum5ilpu7wlujb
did:plc:7jndo7z77ixiqk6zvzhmtozz
did:plc:x2b66mhpimva6p24a42ajz3j
did:plc:bb3lcuev7edeeax2iz32yq2d
did:plc:sxcgsda2pec5l6mw6uelslfi
did:plc:u6w3nxsxjxk5cshkeol2tvxu
did:plc:iqih3jgtp6vbtjvmjqzqcqxz
did:plc:tm7pmdqvdtzx5b5gkhh2nlny
did:plc:my7zlze2xd5e5pfegxkjnyox
did:plc:zvsvlupphr7auqoihq7xwq6a
did:plc:ylahhhxx5gu6gauwo5mh4kyr
did:plc:tolbrdwfepjvloj6v3vjx6pp
did:plc:w7pwkknv7bnhhsngj2c5xk2m
did:plc:6tjguoc2u27owavhdvctyj53
did:plc:x4ia2dozsot3ded54irjgfj2
did:plc:z76jc6zbjbzr7vbz34gylxo2
did:plc:v7dtxhtgzwd36ukczx775ztu
did:plc:qxqlwhqdunbhatarecnszrry
did:plc:bklnh4rn7lbfb3h3zwf3kakw
did:plc:lvccyyatumaamwueagatyoa5
did:plc:a2tqerxxrcel3dcwy7qbev5u
did:plc:kbrttrbp2uvysx4bcs5exmd3
did:plc:llfqvy2imx3sbkwp3xbgtpfb
did:plc:u4imfcexf6663r77bbx6cykh
did:plc:nwjk7c24ca6i4f3measypcs4
did:plc:eniswrlqlbrzndmkfkz6vu4o
did:plc:uzmw3k2tbfvr6sxldm3hfm2g
did:plc:52m44xtdemgnhyhiabswajmc
did:plc:6h3xmaezngsectrcz76eampz
did:plc:sakqaf6bvhntomey4a4g6o3o
did:plc:pc52fomslr3tul6zejykpmxw
did:plc:jhlwshdu3csygd2gvaij3abj
did:plc:63rbf5hl4kakwv3llwa33gmt
did:plc:aeuetvb7vac3xay76nkphbks
did:plc:dcz6bdm7dgjnbjmpkmzolmmn
did:plc:p2hqpc7wp46eld3jzjvmvk24
did:plc:3bziigx37iouqflns5yahsxe
did:plc:3nf3mwe6gra7ve2mpouamloo
did:plc:rqztvttsptxutl6jc4umldau
did:plc:7kc4atywcdymtgmly3hneyjq
did:plc:b6uoqumwknspzhvshdmbhqbi
did:plc:ab4mxfabcxdatuerre4522j7
did:plc:w6mm6n4vlmhv6abkuditfeka
did:plc:zcz4m642hynkw3qhsmb2zvxg
did:plc:on4kwgnimnhbh2fg3pi5kaqn
did:plc:rkdsz65ch72j6shv3qgc2zac
did:plc:oq5t5jd446awvymgpzzuiakw
did:plc:hki6kb6psfvs7owxneptyg2p
did:plc:si4v5rwamat3eqn3ncjjrllw
did:plc:5cd2czuwjrhqcociocnr4k4j
did:plc:wkemslzs6esaap2e6ogpwj55
did:plc:4ifpgkyt5vnyyasfbzz35e6c
did:plc:fgwhk4j4wc6akql2rkb2knqt
did:plc:aznzgw47sqowoai6jabf4ibw
did:plc:dz5bgkyl5o4rg4mgyclgt7zj
did:plc:aqkb5xi2vahbpsmcownhinwh
did:plc:yycuahkg3o55essfdsspx6we
did:plc:dvzpdc627e44jjleldn6sgic
did:plc:hpi6xuco3qg4fcmjjsdf7kmh
did:plc:shnpcdaze6lrzut2wznr5yk7
did:plc:tdjmat42uwz6tbjukdy3kofz
did:plc:yxlhbgvpt44icgjx52rcuvl7
did:plc:c3xxazandyole2dddxphtoiq
did:plc:pp4cumvhxdvokfiec6ynfoah
did:plc:p6qgdrpwa2ztayfb7wzsof7a
did:plc:rl5scbcvv5kdx6q4vkkq4brz
did:plc:bu2igpzpr2as2bddm3e2ej5v
did:plc:pewx7ivzi2uxq5noxrbn5ya7
did:plc:3hbvcwsty6mv45dxjxgy3gtd
did:plc:ii365yc2k6hns6cncgbgu5qg
did:plc:tqleigbhzm2m4cfwakr7a7sv
did:plc:ob3lvrguhpdb3ltucncxlwwo
did:plc:xctmy5ii2mob3fstod4tgsv2
did:plc:ma3cluc6nshceay7ia6eomx5
did:plc:2mb75jc4runhyyovcczp3p77
did:plc:3rzokzcyp4m2uudhsmmspt4g
did:plc:sa4aaq2yfnkl6kyztoefhlbq
did:plc:smm2iyzevfawtar2oivsnwmb
did:plc:mgugyew5ijq6emis3tmhahj4
did:plc:xtsuotfxsmrbd6e7zy3vhwdd
did:plc:qkw5m2rvlahruxx4ox4djcks
did:plc:adugxmolj7o6vnnvkxrzke3m
did:plc:766x6zx3poypvt37rwwa2q7e
did:plc:gl5rxplcsmkdygh4w7jjjugd
did:plc:77tgcq7pdbtmulpwivy6d4ca
did:plc:nndfxlxosjon4726nac5jnii
did:plc:jpc2nie4n4d5su7eze4eaaet
did:plc:w25nuv4b3pbrph63o3xoljea
did:plc:q5n2kggxkoz6vfjklkzpn3vu
did:plc:7xpwuve5y54j6tu4pw4q67m2
did:plc:oc27rjm5tbfjuresfooj6xpv
did:plc:wrtakk2sa6nwo3v773bm5gb6
did:plc:caeezhuj7tkcyheoaqvurzls
did:plc:cit2z4w2ir7jib2asphwh6io
did:plc:uir4dnuz6h2x5t5qbcnjxnvu
did:plc:lohw2edxar6iziujfntq5joi
did:plc:unbkwm5dyzaydszwsgln7k3t
did:plc:fan7lwcwj2d7lttrrptamvmi
did:plc:otmzxn5fnoh2622ggdghcb7f
did:plc:w6ngbrookpmbxe3cfq5i2ew4
did:plc:an5z6fecaskq37syfia7samy
did:plc:ywklmfdvqf7n237kjo7fwohd
did:plc:nmzlm5ib2g2475vq4c6yk3qh
did:plc:aezth5y457wue2ctg5ig3j7s
did:plc:2pjgwjfbtcwzandp25mqyjhw
did:plc:7tka3fhbtn6zcing6z2glr6b
did:plc:szwsjtusf62bnlas4ypvts4i
did:plc:3omj4452rwzyzzyyesfvhon3
did:plc:k5igcriqmplffxazxux36dk3
did:plc:r7s2emedtwgk5js7r47a5z3y
did:plc:uechzcak4yqx44fcw6a7qlwe
did:plc:bpvgzuwnonr6wwp4nx22e4wj
did:plc:2pdvcu5z5gb5kisjunyl6eaq
did:plc:33w5zwjs2wjczhbbli57k3py
did:plc:afq6ld4huzogusqj6xu2dtgz
did:plc:nlh6dedzk3z3rpmllu4xomyp
did:plc:76sbwciypzld2lfddzr5jigo
did:plc:ofg57xjidei4bi2sytjos5tg
did:plc:ja3zjw65rzcqe4wzewr6yaq5
did:plc:bigvp7zn3bubgwovogljax2l
did:plc:wi4woipxbgw272u3rhidp7xf
did:plc:air6uqdlhdothgnnrgdkldkt
did:plc:zeufxubn4u4ozqrym5mxuu5c
did:plc:dqak7zrnuv7zvxcxlii5du7p
did:plc:wod2xmli5pyaawnjqwfnybp6
did:plc:inbqnvflb7h2yiiaz7csx3wc
did:plc:sjsgevlxjjsqslwvxxdkvyds
did:plc:ele2x7nf7jmsitc252bxaqe7
did:plc:xsuha75hlld7qwpvyt2pelig
did:plc:p4egyqnbwta4247d5vdufk4h
did:plc:biuihx7dqkqgscl4mojyd7pu
did:plc:qc777ivwnk4yp437faa6wgp3
did:plc:vglv5afalftsu6aoumvrudiq
did:plc:yycuahkg3o55essfdsspx6we
did:plc:zuffa4chgukdnontk452qnmp
did:plc:4gcumoev4zxuu3kpruphphrv
did:plc:fqdwahga2rf5xkzhd2dwayke
did:plc:fpim6b6cwgamgga3d5s2quni
did:plc:sf5uwhlz3rddvbw5gzx6zvea
did:plc:m7l5yxhchsn3tjm4dp5hcmvx
did:plc:3wrbglv7lb4jf4lwhpx2mokn
did:plc:bndbpculmlr7pqq4rr3y3ezr
did:plc:od7e3hpi6wsqibumwcxrftir
did:plc:5rnhzowzxulnmczw2gra652e
did:plc:keuynvy2tt4xbxybh7rnj4tv
did:plc:mpwfs6qtfl5xn4r37eoll6tt
did:plc:ynuhs3inxy3asmoes4miedz4
did:plc:s45o2t6sy6dgi5qnrcje74oj
did:plc:gjvqmtdtqeisjfi664ixj347
did:plc:5mgusg77vys4srpvbzdqmhqv
did:plc:y2wymmih5277curjrrpjnk6t
did:plc:k5tct44ue4vleth7djsha3xy
did:plc:yzecw7kjqos64zoxceik5vcn
did:plc:mtyed4svweim5at4fh52hu34
did:plc:aev34tr3qek5p4xpgkqte7ve
did:plc:i664sytws4vzawoyi3avwbm2
did:plc:t2l4bmd75oknnaq6hbr2tnct
did:plc:vqh3sqxjisuo7pfexmmxmeri
did:plc:4d5scvjaasszra4klqqldyan
did:plc:dgjxwu66rzt2u2e6aitinyzm
did:plc:zrhw5cdgtdsbujmh3kxf3nke
did:plc:q74aknargoxac2suzq6sx3zd
did:plc:3ojlrw6rdx5as5pjjes5bpxp
did:plc:hy5izjciuunq5572r2tckfkj
did:plc:se4wg3siunvqabikeyj5zeqg
did:plc:mmonqhxrz7peocgkpzwk5px4
did:plc:k6kzm4dt7rk7rsuarx54nq3l
did:plc:nlh5gnok33rfeyfxdmli2u5m
did:plc:arosvecx3agkj6v3zf6njrdf
did:plc:b2fmg32rtjwx6yayb4qk75eb
did:plc:nf4a2amzm67dvlwsgw474s2x
did:plc:22k74mplyxav4fu3wrsbnpyj
did:plc:k64pzoglppx567uh33kbvmea
did:plc:zxrk6p6rf3tnwrbqb77titk6
did:plc:7xahoucpf4l3ugfwnrxn2qvu
did:plc:raktckpkfb4e5m7qyurfhmlz
did:plc:t43vxxtzj6vmwq24k2eqrins
did:plc:7dmdi5rhzwa56y2ewmix4awf
did:plc:tunfcy2rpoxxfe4pf77talco
did:plc:w7ctqdmuzfmxwu4h77qvocpi
did:plc:ubnoeigmtw2yiwk56msz2yz3
did:plc:lrp5jpgjg7r6kweadjudjois
did:plc:d7vn7cl4ps4gj5hmyqbraox5
did:plc:vaxlj6gtdcvxyv44cl3xfeje
did:plc:fphj62hdaagffntkjocmrebv
did:plc:cgsdmow2fon3kns6wsghalsp
did:plc:xtltwciiqqmvyofh5qkkehzg
did:plc:64dbyvjkl4wc556c2vnlezc5
did:plc:7wyntpxeatubiivnnbkbdmmi
did:plc:ecazlpvwynpietqw2wf5ps6j
did:plc:ajswpoaxh3cridqkuzwicd7v
did:plc:jhw4cqksoecj5cjo4k7d7adh
did:plc:7g6v3bcbu7vavt72ewrcshki
did:plc:yt3oja2vewkormooxj5iddqs
did:plc:taarkzskih342tnoi4izotge
did:plc:clvy22pqeh45gl2ryo3yxphm
did:plc:4kp46csqgvegknx353n6gfja
did:plc:bbtal4ugrwoc46v3bx6xeq2h
did:plc:jqkwfek6bvpirtdr5ndb4oao
did:plc:335brsu3u2gsw65nff6omunj
did:plc:mkhson555fcftivkht2vldid
did:plc:xfzpyc6ccsowyxqdsu6w23uu
did:plc:lmffk7wxw6nzyxlhx6pwdezd
did:plc:vjtdt7mcrw3iz3x7b6kq2q2t
did:plc:l3z2k5cfyai5gnk53ythnbnr
did:plc:kxxjstye6cvmtz273rndvffe
did:plc:xdzgdq4iua3ssnd4bm4svhwu
did:plc:dsvvoftcqtbhto64f3dmul4l
did:plc:wmemmo5p2yfiekwvr7hl24ar
did:plc:tsh4x34oe7u3j6lhgl3jh77f
did:plc:bsc2reky2sepyrrszrutj44l
did:plc:2nxhh4iwmiynneqbafh3jogv
did:plc:awlur74m46gt3q7xct22whfn
did:plc:umcehu3gk5vffnhtxlqxtzcl
did:plc:6wkigeqbi4ixuxkfomb7g7h3
did:plc:z5ibu7q7zadhpz4z63af3p3i
did:plc:wus6hywe2keldktx3wkgurz4
did:plc:e3wjn7hncir4plebgrh6nygx
did:plc:iusyibhozqevxt4sdtabr35q
did:plc:he2xhrnvfugoxosjtyh2z34n
did:plc:l4wavsruow6j7dvqu4m53n2b
did:plc:7n4gdtddtbprw7pf3ojevvtm
did:plc:r4nbikcknkbqpoym6p3qzvno
did:plc:6gzetak32b4fh42qdag3ipkt
did:plc:av3hmwpxmvi3mqsayh2wcjfp
did:plc:mifvziv3u6xdc7jkpgz3ozp3
did:plc:k5plegn476xc5nh2vqdwcwfa
did:plc:ntttp6goomt3kwbji53pn73b
did:plc:6u6ejyldfct7ev3zbfbdjsfm
did:plc:gbk3e4ecm3kyv2opkttt2fwf
did:plc:tzso7iakt77l4hd5ujwj6you
did:plc:35en4cg7hg7oxyqip7i277sh
did:plc:7mlx2e3fts6bfugfrlahotpl
did:plc:66v2guukgmr3uny2zqqolcf7
did:plc:m5rp3imz6rydf5ev4qmkmlaw
did:plc:oytqarulb4myvwl4dkwbdmgk
did:plc:casryk46asspp72b7bcwmyzt
did:plc:5hkuij2jk4eishlpa3y6u24s
did:plc:xpogb6ge5uu2ev4clgowqoep
did:plc:qk2oada7ofxzgnsk74tbfizp
did:plc:rwxituqytrzyeyh2iurgln7a
did:plc:h7vj4h7vho6xgyianfw7zbzu
did:plc:z46lo3vypz2kamcysh6txxbs
did:plc:adwx46jx7gkpgb3c7sg6cmna
did:plc:tvtfwrmvenp3efjrjmibgxki
did:plc:yqo34kwnkeoux7grcio74nmo
did:plc:pqdydjivd725cxk72tbjrdxi
did:plc:quvev2p4br75xmdkofbhsv64
did:plc:fqz3itpwweyz4x5wxrlwlhjw
did:plc:oricpgm64jca4jvu3hveakfy
did:plc:drhzemqzi52r3afrd52e6fhq
did:plc:lhtcajxp2adbv3dgu7iryd4u
did:plc:wrytvwgoybdukwiw7hgp7pld
did:plc:cvd6mrecbpu6o2qehgnmkbya
did:plc:jbc7hmhrqwpvam2242t3sz4j
did:plc:yogx4suxzlzmkyxrxsfy4buj
did:plc:xtnjf3ht36gr6znwujpzhqir
did:plc:rnd4vwk72hxp7xpwim2awqmf
did:plc:mgt26lp2gcpzauhs4fds7oji
did:plc:pkbynldeka42ktbailqjfyua
did:plc:dmoqspm7elscjfhpz3knufnu
did:plc:perrutqpqp2v5sq55ltyvvfz
did:plc:ip76ye2vycdpeaptpc3pqqri
did:plc:l7w6ynjhwgohbja4prjj3p7p
did:plc:voctxfqi35tgpgwfu45fnggb
did:plc:qrvgpy3e5kgkfonqforpkw7t
did:plc:zw4uozh3hhpbyqrbhzwijnwv
did:plc:eqw3yfqlipqolk53htjwak3v
did:plc:l3pihxwmfqb2qi6pmvfz3kb7
did:plc:eyjdhmblwazf4hl24vvg6ep2
did:plc:77vkjbxwmwbnhduincqjei42
did:plc:t7nmbbyrss6jo6jyu76ymvgv
did:plc:55hq5orzvmtfkv2slpevghan
did:plc:6w6vubbubehhu3ktybjx3mp3
did:plc:fkqjdgh5j6q72qlduyrsjo4p
did:plc:sn4uoigfzsst3vp7bz7b62fk
did:plc:rvmmrhqaw66qwh5b4fb3j3kj
did:plc:s6keohzcgo23ni5d5llp5enn
did:plc:dlah4zngadrcfl2ucjzv4r2o
did:plc:akqbd6pxiwuy66sfpoldif3b
did:plc:kmqy7ckhjkyxyalturhswvub
did:plc:fvhuf4vmrnuofn5dllbp4k5n
did:plc:ssuncxlneoyzdvdrejrxgddv
did:plc:idig3soc53y3xutsscd3nka5
did:plc:rtdni4jymxxfbrhk2shhrcq4
did:plc:5haitadlwbbkfd3bkpk5z3yi
did:plc:tnnosqtqu6ifff35j7e6mj27
did:plc:6eiaza2rsoix6h46vreur7on
did:plc:kk3jy3bgywfh7tljabmbwqtt
did:plc:e5up3nux7thqu3yqf6hrjdpr
did:plc:pvrozmrshrjgigaziqtwwgis
did:plc:djkhf6qd4jmbgu2emlskshui
did:plc:sbhfuo6lmnkcji3chxaeyeic
did:plc:lagly672gajoq66bpcfbhm6e
did:plc:wdrpqag27lm5f6ilrzxz3kg4
did:plc:kwlrygzubwgzrhveanf56ywj
did:plc:pznuprnwjn5yfyxwazywwafx
did:plc:c7r2acpg47gxixdup47nstab
did:plc:sizdwdsvbdo5wkufxgmt5dsp
did:plc:w7agzumnjwd72v4aslz4oyuq
did:plc:uyydbjp4bwskpjkao4cj4tro
did:plc:xx7auonkjccvsw7rr5gvw6tz
did:plc:52lcya26afva27kju5arnrh7
did:plc:d7e2dlgocytafj3reiqjifqe
